#
# There is insufficient memory for the Java Runtime Environment to continue.
# Native memory allocation (malloc) failed to allocate 85024 bytes for Chunk::new
# Possible reasons:
#   The system is out of physical RAM or swap space
#   The process is running with CompressedOops enabled, and the Java Heap may be blocking the growth of the native heap
# Possible solutions:
#   Reduce memory load on the system
#   Increase physical memory or swap space
#   Check if swap backing store is full
#   Decrease Java heap size (-Xmx/-Xms)
#   Decrease number of Java threads
#   Decrease Java thread stack sizes (-Xss)
#   Set larger code cache with -XX:ReservedCodeCacheSize=
#   JVM is running with Zero Based Compressed Oops mode in which the Java heap is
#     placed in the first 32GB address space. The Java Heap base address is the
#     maximum limit for the native heap growth. Please use -XX:HeapBaseMinAddress
#     to set the Java Heap base and to place the Java Heap above 32GB virtual address.
# This output file may be truncated or incomplete.
#
#  Out of Memory Error (arena.cpp:195), pid=18296, tid=9016
#
# JRE version: OpenJDK Runtime Environment (16.0.1+9) (build 16.0.1+9-24)
# Java VM: OpenJDK 64-Bit Server VM (16.0.1+9-24, mixed mode, tiered, compressed oops, compressed class ptrs, g1 gc, windows-amd64)
# No core dump will be written. Minidumps are not enabled by default on client versions of Windows
#

---------------  S U M M A R Y ------------

Command Line: -Dfile.encoding=Cp1252 -XX:+ShowCodeDetailsInExceptionMessages cucumber.api.cli.Main C:/Users/Zixiang/eclipse-workspace/HelloWorld/Swiggy/src/test/resources/featureFiles/LocationSearchBar.feature --glue classpath: --plugin pretty --monochrome

Host: Intel(R) Core(TM) i7-7600U CPU @ 2.80GHz, 4 cores, 15G,  Windows 10 , 64 bit Build 19041 (10.0.19041.1348)
Time: Thu Dec  2 12:03:54 2021 Malay Peninsula Standard Time elapsed time: 1.201232 seconds (0d 0h 0m 1s)

---------------  T H R E A D  ---------------

Current thread (0x0000026f6ec69950):  JavaThread "C2 CompilerThread0" daemon [_thread_in_native, id=9016, stack(0x000000f297600000,0x000000f297700000)]


Current CompileTask:
C2:   1201  751       4       java.lang.StringLatin1::indexOf (121 bytes)

Stack: [0x000000f297600000,0x000000f297700000]
Native frames: (J=compiled Java code, j=interpreted, Vv=VM code, C=native code)
V  [jvm.dll+0x6687ca]
V  [jvm.dll+0x7ca3c9]
V  [jvm.dll+0x7cbb53]
V  [jvm.dll+0x7cc1b3]
V  [jvm.dll+0x242ea5]
V  [jvm.dll+0xadeca]
V  [jvm.dll+0xae5ac]
V  [jvm.dll+0x35af27]
V  [jvm.dll+0x3253d1]
V  [jvm.dll+0x32487a]
V  [jvm.dll+0x215f3c]
V  [jvm.dll+0x215350]
V  [jvm.dll+0x1a1d9b]
V  [jvm.dll+0x2253a8]
V  [jvm.dll+0x2233ec]
V  [jvm.dll+0x780002]
V  [jvm.dll+0x779b4a]
V  [jvm.dll+0x667666]
C  [ucrtbase.dll+0x21bb2]
C  [KERNEL32.DLL+0x17034]
C  [ntdll.dll+0x52651]


---------------  P R O C E S S  ---------------

Threads class SMR info:
_java_thread_list=0x0000026f6edee0f0, length=12, elements={
0x0000026f5007b0f0, 0x0000026f6ec36250, 0x0000026f6ec3b4b0, 0x0000026f6ec62550,
0x0000026f6ec62e60, 0x0000026f6ec646b0, 0x0000026f6ec68c60, 0x0000026f6ec69950,
0x0000026f6ec8d320, 0x0000026f6ecf8b90, 0x0000026f6eddfe50, 0x0000026f6eded370
}

Java Threads: ( => current thread )
  0x0000026f5007b0f0 JavaThread "main" [_thread_in_vm, id=34408, stack(0x000000f296900000,0x000000f296a00000)]
  0x0000026f6ec36250 JavaThread "Reference Handler" daemon [_thread_blocked, id=12496, stack(0x000000f297000000,0x000000f297100000)]
  0x0000026f6ec3b4b0 JavaThread "Finalizer" daemon [_thread_blocked, id=14808, stack(0x000000f297100000,0x000000f297200000)]
  0x0000026f6ec62550 JavaThread "Signal Dispatcher" daemon [_thread_blocked, id=24392, stack(0x000000f297200000,0x000000f297300000)]
  0x0000026f6ec62e60 JavaThread "Attach Listener" daemon [_thread_blocked, id=27284, stack(0x000000f297300000,0x000000f297400000)]
  0x0000026f6ec646b0 JavaThread "Service Thread" daemon [_thread_blocked, id=19892, stack(0x000000f297400000,0x000000f297500000)]
  0x0000026f6ec68c60 JavaThread "Monitor Deflation Thread" daemon [_thread_blocked, id=36000, stack(0x000000f297500000,0x000000f297600000)]
=>0x0000026f6ec69950 JavaThread "C2 CompilerThread0" daemon [_thread_in_native, id=9016, stack(0x000000f297600000,0x000000f297700000)]
  0x0000026f6ec8d320 JavaThread "C1 CompilerThread0" daemon [_thread_blocked, id=16604, stack(0x000000f297700000,0x000000f297800000)]
  0x0000026f6ecf8b90 JavaThread "Sweeper thread" daemon [_thread_blocked, id=26608, stack(0x000000f297800000,0x000000f297900000)]
  0x0000026f6eddfe50 JavaThread "Notification Thread" daemon [_thread_blocked, id=21128, stack(0x000000f297900000,0x000000f297a00000)]
  0x0000026f6eded370 JavaThread "Common-Cleaner" daemon [_thread_blocked, id=3068, stack(0x000000f297b00000,0x000000f297c00000)]

Other Threads:
  0x0000026f6e21e730 VMThread "VM Thread" [stack: 0x000000f296f00000,0x000000f297000000] [id=34472]
  0x0000026f6ede3390 WatcherThread [stack: 0x000000f297a00000,0x000000f297b00000] [id=27752]
  0x0000026f500cb2c0 GCTaskThread "GC Thread#0" [stack: 0x000000f296a00000,0x000000f296b00000] [id=34516]
  0x0000026f6ef7f540 GCTaskThread "GC Thread#1" [stack: 0x000000f297c00000,0x000000f297d00000] [id=35692]
  0x0000026f6ef7f850 GCTaskThread "GC Thread#2" [stack: 0x000000f297d00000,0x000000f297e00000] [id=30660]
  0x0000026f6ef7fb60 GCTaskThread "GC Thread#3" [stack: 0x000000f297e00000,0x000000f297f00000] [id=31368]
  0x0000026f500dc210 ConcurrentGCThread "G1 Main Marker" [stack: 0x000000f296b00000,0x000000f296c00000] [id=25852]
  0x0000026f500dd4a0 ConcurrentGCThread "G1 Conc#0" [stack: 0x000000f296c00000,0x000000f296d00000] [id=9288]
  0x0000026f6e0884f0 ConcurrentGCThread "G1 Refine#0" [stack: 0x000000f296d00000,0x000000f296e00000] [id=18388]
  0x0000026f5013d200 ConcurrentGCThread "G1 Service" [stack: 0x000000f296e00000,0x000000f296f00000] [id=36556]

Threads with active compile tasks:
C2 CompilerThread0     1259  751       4       java.lang.StringLatin1::indexOf (121 bytes)

VM state: not at safepoint (normal execution)

VM Mutex/Monitor currently owned by a thread:  ([mutex/lock_event])
[0x0000026f50074170] MetaspaceExpand_lock - owner thread: 0x0000026f5007b0f0

Heap address: 0x0000000701e00000, size: 4066 MB, Compressed Oops mode: Zero based, Oop shift amount: 3

CDS disabled.
Compressed class space mapped at: 0x0000000800000000-0x0000000840000000, reserved size: 1073741824
Narrow klass base: 0x0000000800000000, Narrow klass shift: 0, Narrow klass range: 0x40000000

GC Precious Log:
 CPUs: 4 total, 4 available
 Memory: 16262M
 Large Page Support: Disabled
 NUMA Support: Disabled
 Compressed Oops: Enabled (Zero based)
 Heap Region Size: 2M
 Heap Min Capacity: 8M
 Heap Initial Capacity: 256M
 Heap Max Capacity: 4066M
 Pre-touch: Disabled
 Parallel Workers: 4
 Concurrent Workers: 1
 Concurrent Refinement Workers: 4
 Periodic GC: Disabled

Heap:
 garbage-first heap   total 262144K, used 12989K [0x0000000701e00000, 0x0000000800000000)
  region size 2048K, 5 young (10240K), 1 survivors (2048K)
 Metaspace       used 9941K, committed 10048K, reserved 1064960K
  class space    used 883K, committed 960K, reserved 1048576K

Heap Regions: E=young(eden), S=young(survivor), O=old, HS=humongous(starts), HC=humongous(continues), CS=collection set, F=free, OA=open archive, CA=closed archive, TAMS=top-at-mark-start (previous, next)
|   0|0x0000000701e00000, 0x0000000702000000, 0x0000000702000000|100%| O|  |TAMS 0x0000000701e00000, 0x0000000701e00000| Untracked 
|   1|0x0000000702000000, 0x0000000702200000, 0x0000000702200000|100%| O|  |TAMS 0x0000000702000000, 0x0000000702000000| Untracked 
|   2|0x0000000702200000, 0x00000007022af600, 0x0000000702400000| 34%| O|  |TAMS 0x0000000702200000, 0x0000000702200000| Untracked 
|   3|0x0000000702400000, 0x0000000702400000, 0x0000000702600000|  0%| F|  |TAMS 0x0000000702400000, 0x0000000702400000| Untracked 
|   4|0x0000000702600000, 0x0000000702600000, 0x0000000702800000|  0%| F|  |TAMS 0x0000000702600000, 0x0000000702600000| Untracked 
|   5|0x0000000702800000, 0x0000000702800000, 0x0000000702a00000|  0%| F|  |TAMS 0x0000000702800000, 0x0000000702800000| Untracked 
|   6|0x0000000702a00000, 0x0000000702a00000, 0x0000000702c00000|  0%| F|  |TAMS 0x0000000702a00000, 0x0000000702a00000| Untracked 
|   7|0x0000000702c00000, 0x0000000702c00000, 0x0000000702e00000|  0%| F|  |TAMS 0x0000000702c00000, 0x0000000702c00000| Untracked 
|   8|0x0000000702e00000, 0x0000000702e00000, 0x0000000703000000|  0%| F|  |TAMS 0x0000000702e00000, 0x0000000702e00000| Untracked 
|   9|0x0000000703000000, 0x0000000703000000, 0x0000000703200000|  0%| F|  |TAMS 0x0000000703000000, 0x0000000703000000| Untracked 
|  10|0x0000000703200000, 0x0000000703200000, 0x0000000703400000|  0%| F|  |TAMS 0x0000000703200000, 0x0000000703200000| Untracked 
|  11|0x0000000703400000, 0x0000000703400000, 0x0000000703600000|  0%| F|  |TAMS 0x0000000703400000, 0x0000000703400000| Untracked 
|  12|0x0000000703600000, 0x0000000703600000, 0x0000000703800000|  0%| F|  |TAMS 0x0000000703600000, 0x0000000703600000| Untracked 
|  13|0x0000000703800000, 0x0000000703800000, 0x0000000703a00000|  0%| F|  |TAMS 0x0000000703800000, 0x0000000703800000| Untracked 
|  14|0x0000000703a00000, 0x0000000703a00000, 0x0000000703c00000|  0%| F|  |TAMS 0x0000000703a00000, 0x0000000703a00000| Untracked 
|  15|0x0000000703c00000, 0x0000000703c00000, 0x0000000703e00000|  0%| F|  |TAMS 0x0000000703c00000, 0x0000000703c00000| Untracked 
|  16|0x0000000703e00000, 0x0000000703e00000, 0x0000000704000000|  0%| F|  |TAMS 0x0000000703e00000, 0x0000000703e00000| Untracked 
|  17|0x0000000704000000, 0x0000000704000000, 0x0000000704200000|  0%| F|  |TAMS 0x0000000704000000, 0x0000000704000000| Untracked 
|  18|0x0000000704200000, 0x0000000704200000, 0x0000000704400000|  0%| F|  |TAMS 0x0000000704200000, 0x0000000704200000| Untracked 
|  19|0x0000000704400000, 0x0000000704400000, 0x0000000704600000|  0%| F|  |TAMS 0x0000000704400000, 0x0000000704400000| Untracked 
|  20|0x0000000704600000, 0x0000000704600000, 0x0000000704800000|  0%| F|  |TAMS 0x0000000704600000, 0x0000000704600000| Untracked 
|  21|0x0000000704800000, 0x0000000704800000, 0x0000000704a00000|  0%| F|  |TAMS 0x0000000704800000, 0x0000000704800000| Untracked 
|  22|0x0000000704a00000, 0x0000000704a00000, 0x0000000704c00000|  0%| F|  |TAMS 0x0000000704a00000, 0x0000000704a00000| Untracked 
|  23|0x0000000704c00000, 0x0000000704c00000, 0x0000000704e00000|  0%| F|  |TAMS 0x0000000704c00000, 0x0000000704c00000| Untracked 
|  24|0x0000000704e00000, 0x0000000704e00000, 0x0000000705000000|  0%| F|  |TAMS 0x0000000704e00000, 0x0000000704e00000| Untracked 
|  25|0x0000000705000000, 0x0000000705000000, 0x0000000705200000|  0%| F|  |TAMS 0x0000000705000000, 0x0000000705000000| Untracked 
|  26|0x0000000705200000, 0x0000000705200000, 0x0000000705400000|  0%| F|  |TAMS 0x0000000705200000, 0x0000000705200000| Untracked 
|  27|0x0000000705400000, 0x0000000705400000, 0x0000000705600000|  0%| F|  |TAMS 0x0000000705400000, 0x0000000705400000| Untracked 
|  28|0x0000000705600000, 0x0000000705600000, 0x0000000705800000|  0%| F|  |TAMS 0x0000000705600000, 0x0000000705600000| Untracked 
|  29|0x0000000705800000, 0x0000000705800000, 0x0000000705a00000|  0%| F|  |TAMS 0x0000000705800000, 0x0000000705800000| Untracked 
|  30|0x0000000705a00000, 0x0000000705a00000, 0x0000000705c00000|  0%| F|  |TAMS 0x0000000705a00000, 0x0000000705a00000| Untracked 
|  31|0x0000000705c00000, 0x0000000705c00000, 0x0000000705e00000|  0%| F|  |TAMS 0x0000000705c00000, 0x0000000705c00000| Untracked 
|  32|0x0000000705e00000, 0x0000000705e00000, 0x0000000706000000|  0%| F|  |TAMS 0x0000000705e00000, 0x0000000705e00000| Untracked 
|  33|0x0000000706000000, 0x0000000706000000, 0x0000000706200000|  0%| F|  |TAMS 0x0000000706000000, 0x0000000706000000| Untracked 
|  34|0x0000000706200000, 0x0000000706200000, 0x0000000706400000|  0%| F|  |TAMS 0x0000000706200000, 0x0000000706200000| Untracked 
|  35|0x0000000706400000, 0x0000000706400000, 0x0000000706600000|  0%| F|  |TAMS 0x0000000706400000, 0x0000000706400000| Untracked 
|  36|0x0000000706600000, 0x0000000706600000, 0x0000000706800000|  0%| F|  |TAMS 0x0000000706600000, 0x0000000706600000| Untracked 
|  37|0x0000000706800000, 0x0000000706800000, 0x0000000706a00000|  0%| F|  |TAMS 0x0000000706800000, 0x0000000706800000| Untracked 
|  38|0x0000000706a00000, 0x0000000706a00000, 0x0000000706c00000|  0%| F|  |TAMS 0x0000000706a00000, 0x0000000706a00000| Untracked 
|  39|0x0000000706c00000, 0x0000000706c00000, 0x0000000706e00000|  0%| F|  |TAMS 0x0000000706c00000, 0x0000000706c00000| Untracked 
|  40|0x0000000706e00000, 0x0000000706e00000, 0x0000000707000000|  0%| F|  |TAMS 0x0000000706e00000, 0x0000000706e00000| Untracked 
|  41|0x0000000707000000, 0x0000000707000000, 0x0000000707200000|  0%| F|  |TAMS 0x0000000707000000, 0x0000000707000000| Untracked 
|  42|0x0000000707200000, 0x0000000707200000, 0x0000000707400000|  0%| F|  |TAMS 0x0000000707200000, 0x0000000707200000| Untracked 
|  43|0x0000000707400000, 0x0000000707400000, 0x0000000707600000|  0%| F|  |TAMS 0x0000000707400000, 0x0000000707400000| Untracked 
|  44|0x0000000707600000, 0x0000000707600000, 0x0000000707800000|  0%| F|  |TAMS 0x0000000707600000, 0x0000000707600000| Untracked 
|  45|0x0000000707800000, 0x0000000707800000, 0x0000000707a00000|  0%| F|  |TAMS 0x0000000707800000, 0x0000000707800000| Untracked 
|  46|0x0000000707a00000, 0x0000000707a00000, 0x0000000707c00000|  0%| F|  |TAMS 0x0000000707a00000, 0x0000000707a00000| Untracked 
|  47|0x0000000707c00000, 0x0000000707c00000, 0x0000000707e00000|  0%| F|  |TAMS 0x0000000707c00000, 0x0000000707c00000| Untracked 
|  48|0x0000000707e00000, 0x0000000707e00000, 0x0000000708000000|  0%| F|  |TAMS 0x0000000707e00000, 0x0000000707e00000| Untracked 
|  49|0x0000000708000000, 0x0000000708000000, 0x0000000708200000|  0%| F|  |TAMS 0x0000000708000000, 0x0000000708000000| Untracked 
|  50|0x0000000708200000, 0x0000000708200000, 0x0000000708400000|  0%| F|  |TAMS 0x0000000708200000, 0x0000000708200000| Untracked 
|  51|0x0000000708400000, 0x0000000708400000, 0x0000000708600000|  0%| F|  |TAMS 0x0000000708400000, 0x0000000708400000| Untracked 
|  52|0x0000000708600000, 0x0000000708600000, 0x0000000708800000|  0%| F|  |TAMS 0x0000000708600000, 0x0000000708600000| Untracked 
|  53|0x0000000708800000, 0x0000000708800000, 0x0000000708a00000|  0%| F|  |TAMS 0x0000000708800000, 0x0000000708800000| Untracked 
|  54|0x0000000708a00000, 0x0000000708a00000, 0x0000000708c00000|  0%| F|  |TAMS 0x0000000708a00000, 0x0000000708a00000| Untracked 
|  55|0x0000000708c00000, 0x0000000708c00000, 0x0000000708e00000|  0%| F|  |TAMS 0x0000000708c00000, 0x0000000708c00000| Untracked 
|  56|0x0000000708e00000, 0x0000000708e00000, 0x0000000709000000|  0%| F|  |TAMS 0x0000000708e00000, 0x0000000708e00000| Untracked 
|  57|0x0000000709000000, 0x0000000709000000, 0x0000000709200000|  0%| F|  |TAMS 0x0000000709000000, 0x0000000709000000| Untracked 
|  58|0x0000000709200000, 0x0000000709200000, 0x0000000709400000|  0%| F|  |TAMS 0x0000000709200000, 0x0000000709200000| Untracked 
|  59|0x0000000709400000, 0x0000000709400000, 0x0000000709600000|  0%| F|  |TAMS 0x0000000709400000, 0x0000000709400000| Untracked 
|  60|0x0000000709600000, 0x0000000709600000, 0x0000000709800000|  0%| F|  |TAMS 0x0000000709600000, 0x0000000709600000| Untracked 
|  61|0x0000000709800000, 0x0000000709800000, 0x0000000709a00000|  0%| F|  |TAMS 0x0000000709800000, 0x0000000709800000| Untracked 
|  62|0x0000000709a00000, 0x0000000709a00000, 0x0000000709c00000|  0%| F|  |TAMS 0x0000000709a00000, 0x0000000709a00000| Untracked 
|  63|0x0000000709c00000, 0x0000000709c00000, 0x0000000709e00000|  0%| F|  |TAMS 0x0000000709c00000, 0x0000000709c00000| Untracked 
|  64|0x0000000709e00000, 0x0000000709e00000, 0x000000070a000000|  0%| F|  |TAMS 0x0000000709e00000, 0x0000000709e00000| Untracked 
|  65|0x000000070a000000, 0x000000070a000000, 0x000000070a200000|  0%| F|  |TAMS 0x000000070a000000, 0x000000070a000000| Untracked 
|  66|0x000000070a200000, 0x000000070a200000, 0x000000070a400000|  0%| F|  |TAMS 0x000000070a200000, 0x000000070a200000| Untracked 
|  67|0x000000070a400000, 0x000000070a400000, 0x000000070a600000|  0%| F|  |TAMS 0x000000070a400000, 0x000000070a400000| Untracked 
|  68|0x000000070a600000, 0x000000070a600000, 0x000000070a800000|  0%| F|  |TAMS 0x000000070a600000, 0x000000070a600000| Untracked 
|  69|0x000000070a800000, 0x000000070a800000, 0x000000070aa00000|  0%| F|  |TAMS 0x000000070a800000, 0x000000070a800000| Untracked 
|  70|0x000000070aa00000, 0x000000070aa00000, 0x000000070ac00000|  0%| F|  |TAMS 0x000000070aa00000, 0x000000070aa00000| Untracked 
|  71|0x000000070ac00000, 0x000000070ac00000, 0x000000070ae00000|  0%| F|  |TAMS 0x000000070ac00000, 0x000000070ac00000| Untracked 
|  72|0x000000070ae00000, 0x000000070ae00000, 0x000000070b000000|  0%| F|  |TAMS 0x000000070ae00000, 0x000000070ae00000| Untracked 
|  73|0x000000070b000000, 0x000000070b000000, 0x000000070b200000|  0%| F|  |TAMS 0x000000070b000000, 0x000000070b000000| Untracked 
|  74|0x000000070b200000, 0x000000070b200000, 0x000000070b400000|  0%| F|  |TAMS 0x000000070b200000, 0x000000070b200000| Untracked 
|  75|0x000000070b400000, 0x000000070b400000, 0x000000070b600000|  0%| F|  |TAMS 0x000000070b400000, 0x000000070b400000| Untracked 
|  76|0x000000070b600000, 0x000000070b600000, 0x000000070b800000|  0%| F|  |TAMS 0x000000070b600000, 0x000000070b600000| Untracked 
|  77|0x000000070b800000, 0x000000070b800000, 0x000000070ba00000|  0%| F|  |TAMS 0x000000070b800000, 0x000000070b800000| Untracked 
|  78|0x000000070ba00000, 0x000000070ba00000, 0x000000070bc00000|  0%| F|  |TAMS 0x000000070ba00000, 0x000000070ba00000| Untracked 
|  79|0x000000070bc00000, 0x000000070bc00000, 0x000000070be00000|  0%| F|  |TAMS 0x000000070bc00000, 0x000000070bc00000| Untracked 
|  80|0x000000070be00000, 0x000000070be00000, 0x000000070c000000|  0%| F|  |TAMS 0x000000070be00000, 0x000000070be00000| Untracked 
|  81|0x000000070c000000, 0x000000070c000000, 0x000000070c200000|  0%| F|  |TAMS 0x000000070c000000, 0x000000070c000000| Untracked 
|  82|0x000000070c200000, 0x000000070c200000, 0x000000070c400000|  0%| F|  |TAMS 0x000000070c200000, 0x000000070c200000| Untracked 
|  83|0x000000070c400000, 0x000000070c400000, 0x000000070c600000|  0%| F|  |TAMS 0x000000070c400000, 0x000000070c400000| Untracked 
|  84|0x000000070c600000, 0x000000070c600000, 0x000000070c800000|  0%| F|  |TAMS 0x000000070c600000, 0x000000070c600000| Untracked 
|  85|0x000000070c800000, 0x000000070c800000, 0x000000070ca00000|  0%| F|  |TAMS 0x000000070c800000, 0x000000070c800000| Untracked 
|  86|0x000000070ca00000, 0x000000070ca00000, 0x000000070cc00000|  0%| F|  |TAMS 0x000000070ca00000, 0x000000070ca00000| Untracked 
|  87|0x000000070cc00000, 0x000000070cc00000, 0x000000070ce00000|  0%| F|  |TAMS 0x000000070cc00000, 0x000000070cc00000| Untracked 
|  88|0x000000070ce00000, 0x000000070ce00000, 0x000000070d000000|  0%| F|  |TAMS 0x000000070ce00000, 0x000000070ce00000| Untracked 
|  89|0x000000070d000000, 0x000000070d000000, 0x000000070d200000|  0%| F|  |TAMS 0x000000070d000000, 0x000000070d000000| Untracked 
|  90|0x000000070d200000, 0x000000070d200000, 0x000000070d400000|  0%| F|  |TAMS 0x000000070d200000, 0x000000070d200000| Untracked 
|  91|0x000000070d400000, 0x000000070d400000, 0x000000070d600000|  0%| F|  |TAMS 0x000000070d400000, 0x000000070d400000| Untracked 
|  92|0x000000070d600000, 0x000000070d600000, 0x000000070d800000|  0%| F|  |TAMS 0x000000070d600000, 0x000000070d600000| Untracked 
|  93|0x000000070d800000, 0x000000070d800000, 0x000000070da00000|  0%| F|  |TAMS 0x000000070d800000, 0x000000070d800000| Untracked 
|  94|0x000000070da00000, 0x000000070da00000, 0x000000070dc00000|  0%| F|  |TAMS 0x000000070da00000, 0x000000070da00000| Untracked 
|  95|0x000000070dc00000, 0x000000070dc00000, 0x000000070de00000|  0%| F|  |TAMS 0x000000070dc00000, 0x000000070dc00000| Untracked 
|  96|0x000000070de00000, 0x000000070de00000, 0x000000070e000000|  0%| F|  |TAMS 0x000000070de00000, 0x000000070de00000| Untracked 
|  97|0x000000070e000000, 0x000000070e000000, 0x000000070e200000|  0%| F|  |TAMS 0x000000070e000000, 0x000000070e000000| Untracked 
|  98|0x000000070e200000, 0x000000070e200000, 0x000000070e400000|  0%| F|  |TAMS 0x000000070e200000, 0x000000070e200000| Untracked 
|  99|0x000000070e400000, 0x000000070e400000, 0x000000070e600000|  0%| F|  |TAMS 0x000000070e400000, 0x000000070e400000| Untracked 
| 100|0x000000070e600000, 0x000000070e600000, 0x000000070e800000|  0%| F|  |TAMS 0x000000070e600000, 0x000000070e600000| Untracked 
| 101|0x000000070e800000, 0x000000070e800000, 0x000000070ea00000|  0%| F|  |TAMS 0x000000070e800000, 0x000000070e800000| Untracked 
| 102|0x000000070ea00000, 0x000000070ea00000, 0x000000070ec00000|  0%| F|  |TAMS 0x000000070ea00000, 0x000000070ea00000| Untracked 
| 103|0x000000070ec00000, 0x000000070ec00000, 0x000000070ee00000|  0%| F|  |TAMS 0x000000070ec00000, 0x000000070ec00000| Untracked 
| 104|0x000000070ee00000, 0x000000070ee00000, 0x000000070f000000|  0%| F|  |TAMS 0x000000070ee00000, 0x000000070ee00000| Untracked 
| 105|0x000000070f000000, 0x000000070f000000, 0x000000070f200000|  0%| F|  |TAMS 0x000000070f000000, 0x000000070f000000| Untracked 
| 106|0x000000070f200000, 0x000000070f200000, 0x000000070f400000|  0%| F|  |TAMS 0x000000070f200000, 0x000000070f200000| Untracked 
| 107|0x000000070f400000, 0x000000070f400000, 0x000000070f600000|  0%| F|  |TAMS 0x000000070f400000, 0x000000070f400000| Untracked 
| 108|0x000000070f600000, 0x000000070f600000, 0x000000070f800000|  0%| F|  |TAMS 0x000000070f600000, 0x000000070f600000| Untracked 
| 109|0x000000070f800000, 0x000000070f800000, 0x000000070fa00000|  0%| F|  |TAMS 0x000000070f800000, 0x000000070f800000| Untracked 
| 110|0x000000070fa00000, 0x000000070fa00000, 0x000000070fc00000|  0%| F|  |TAMS 0x000000070fa00000, 0x000000070fa00000| Untracked 
| 111|0x000000070fc00000, 0x000000070fc00000, 0x000000070fe00000|  0%| F|  |TAMS 0x000000070fc00000, 0x000000070fc00000| Untracked 
| 112|0x000000070fe00000, 0x000000070fe00000, 0x0000000710000000|  0%| F|  |TAMS 0x000000070fe00000, 0x000000070fe00000| Untracked 
| 113|0x0000000710000000, 0x0000000710000000, 0x0000000710200000|  0%| F|  |TAMS 0x0000000710000000, 0x0000000710000000| Untracked 
| 114|0x0000000710200000, 0x0000000710200000, 0x0000000710400000|  0%| F|  |TAMS 0x0000000710200000, 0x0000000710200000| Untracked 
| 115|0x0000000710400000, 0x0000000710400000, 0x0000000710600000|  0%| F|  |TAMS 0x0000000710400000, 0x0000000710400000| Untracked 
| 116|0x0000000710600000, 0x0000000710600000, 0x0000000710800000|  0%| F|  |TAMS 0x0000000710600000, 0x0000000710600000| Untracked 
| 117|0x0000000710800000, 0x0000000710800000, 0x0000000710a00000|  0%| F|  |TAMS 0x0000000710800000, 0x0000000710800000| Untracked 
| 118|0x0000000710a00000, 0x0000000710a00000, 0x0000000710c00000|  0%| F|  |TAMS 0x0000000710a00000, 0x0000000710a00000| Untracked 
| 119|0x0000000710c00000, 0x0000000710c00000, 0x0000000710e00000|  0%| F|  |TAMS 0x0000000710c00000, 0x0000000710c00000| Untracked 
| 120|0x0000000710e00000, 0x0000000710e00000, 0x0000000711000000|  0%| F|  |TAMS 0x0000000710e00000, 0x0000000710e00000| Untracked 
| 121|0x0000000711000000, 0x0000000711200000, 0x0000000711200000|100%| S|CS|TAMS 0x0000000711000000, 0x0000000711000000| Complete 
| 122|0x0000000711200000, 0x0000000711200000, 0x0000000711400000|  0%| F|  |TAMS 0x0000000711200000, 0x0000000711200000| Untracked 
| 123|0x0000000711400000, 0x0000000711400000, 0x0000000711600000|  0%| F|  |TAMS 0x0000000711400000, 0x0000000711400000| Untracked 
| 124|0x0000000711600000, 0x000000071169ac90, 0x0000000711800000| 30%| E|  |TAMS 0x0000000711600000, 0x0000000711600000| Complete 
| 125|0x0000000711800000, 0x0000000711a00000, 0x0000000711a00000|100%| E|CS|TAMS 0x0000000711800000, 0x0000000711800000| Complete 
| 126|0x0000000711a00000, 0x0000000711c00000, 0x0000000711c00000|100%| E|CS|TAMS 0x0000000711a00000, 0x0000000711a00000| Complete 
| 127|0x0000000711c00000, 0x0000000711e00000, 0x0000000711e00000|100%| E|CS|TAMS 0x0000000711c00000, 0x0000000711c00000| Complete 

Card table byte_map: [0x0000026f62dd0000,0x0000026f635d0000] _byte_map_base: 0x0000026f5f5c1000

Marking Bits (Prev, Next): (CMBitMap*) 0x0000026f500cb9b0, (CMBitMap*) 0x0000026f500cb9f0
 Prev Bits: [0x0000026f63dd0000, 0x0000026f67d58000)
 Next Bits: [0x0000026f67d60000, 0x0000026f6bce8000)

Polling page: 0x0000026f4dfa0000

Metaspace:

Usage:
  Non-class:      8.85 MB used.
      Class:    883.52 KB used.
       Both:      9.71 MB used.

Virtual space:
  Non-class space:       16.00 MB reserved,       8.88 MB ( 55%) committed,  2 nodes.
      Class space:        1.00 GB reserved,     960.00 KB ( <1%) committed,  1 nodes.
              Both:        1.02 GB reserved,       9.81 MB ( <1%) committed. 

Chunk freelists:
   Non-Class:  2.61 MB
       Class:  3.03 MB
        Both:  5.64 MB

MaxMetaspaceSize: 17179869184.00 GB
CompressedClassSpaceSize: 1.00 GB
 - commit_granule_bytes: 65536.
 - commit_granule_words: 8192.
 - virtual_space_node_default_size: 1048576.
 - enlarge_chunks_in_place: 1.
 - new_chunks_are_fully_committed: 0.
 - uncommit_free_chunks: 1.
 - use_allocation_guard: 0.
 - handle_deallocations: 1.


Internal statistics:

num_allocs_failed_limit: 0.
num_arena_births: 52.
num_arena_deaths: 0.
num_vsnodes_births: 3.
num_vsnodes_deaths: 0.
num_space_committed: 157.
num_space_uncommitted: 0.
num_chunks_returned_to_freelist: 0.
num_chunks_taken_from_freelist: 107.
num_chunk_merges: 0.
num_chunk_splits: 61.
num_chunks_enlarged: 38.
num_purges: 0.

CodeHeap 'non-profiled nmethods': size=120000Kb used=225Kb max_used=225Kb free=119774Kb
 bounds [0x0000026f5b0a0000, 0x0000026f5b310000, 0x0000026f625d0000]
CodeHeap 'profiled nmethods': size=120000Kb used=1300Kb max_used=1300Kb free=118699Kb
 bounds [0x0000026f53b70000, 0x0000026f53de0000, 0x0000026f5b0a0000]
CodeHeap 'non-nmethods': size=5760Kb used=1133Kb max_used=1148Kb free=4626Kb
 bounds [0x0000026f535d0000, 0x0000026f53840000, 0x0000026f53b70000]
 total_blobs=1166 nmethods=757 adapters=322
 compilation: enabled
              stopped_count=0, restarted_count=0
 full_count=0

Compilation events (20 events):
Event: 1.167 Thread 0x0000026f6ec8d320  739       3       java.lang.StringLatin1::regionMatchesCI (98 bytes)
Event: 1.168 Thread 0x0000026f6ec8d320 nmethod 739 0x0000026f53c9b910 code [0x0000026f53c9bb40, 0x0000026f53c9c298]
Event: 1.170 Thread 0x0000026f6ec8d320  740       3       java.net.URL::<init> (8 bytes)
Event: 1.171 Thread 0x0000026f6ec8d320 nmethod 740 0x0000026f53c9c610 code [0x0000026f53c9c7c0, 0x0000026f53c9c908]
Event: 1.171 Thread 0x0000026f6ec8d320  741       3       java.net.URLStreamHandler::setURL (73 bytes)
Event: 1.172 Thread 0x0000026f6ec8d320 nmethod 741 0x0000026f53c9c990 code [0x0000026f53c9cc80, 0x0000026f53c9dab8]
Event: 1.172 Thread 0x0000026f6ec8d320  742   !   3       java.net.URL::set (114 bytes)
Event: 1.173 Thread 0x0000026f6ec8d320 nmethod 742 0x0000026f53c9e010 code [0x0000026f53c9e260, 0x0000026f53c9ed58]
Event: 1.173 Thread 0x0000026f6ec8d320  743       1       java.security.CodeSource::getLocationNoFragString (5 bytes)
Event: 1.173 Thread 0x0000026f6ec8d320 nmethod 743 0x0000026f5b0d7190 code [0x0000026f5b0d7320, 0x0000026f5b0d73f8]
Event: 1.174 Thread 0x0000026f6ec69950  744       4       java.util.Arrays::copyOfRange (64 bytes)
Event: 1.176 Thread 0x0000026f6ec69950 nmethod 744 0x0000026f5b0d7490 code [0x0000026f5b0d7620, 0x0000026f5b0d78b8]
Event: 1.176 Thread 0x0000026f6ec69950  745 %     4       java.lang.StringLatin1::indexOf @ 30 (121 bytes)
Event: 1.179 Thread 0x0000026f6ec8d320  746       3       sun.net.www.protocol.file.Handler::parseURL (18 bytes)
Event: 1.179 Thread 0x0000026f6ec8d320 nmethod 746 0x0000026f53c9f110 code [0x0000026f53c9f2c0, 0x0000026f53c9f478]
Event: 1.179 Thread 0x0000026f6ec8d320  748       3       java.lang.String::indexOf (113 bytes)
Event: 1.179 Thread 0x0000026f6ec8d320 nmethod 748 0x0000026f53c9f590 code [0x0000026f53c9f7c0, 0x0000026f53c9fde8]
Event: 1.179 Thread 0x0000026f6ec8d320  747       3       java.net.URLStreamHandler::parseURL (1201 bytes)
Event: 1.183 Thread 0x0000026f6ec69950 nmethod 745% 0x0000026f5b0d7a10 code [0x0000026f5b0d7ba0, 0x0000026f5b0d7f78]
Event: 1.188 Thread 0x0000026f6ec69950  751       4       java.lang.StringLatin1::indexOf (121 bytes)

GC Heap History (2 events):
Event: 0.913 GC heap before
{Heap before GC invocations=0 (full 0):
 garbage-first heap   total 262144K, used 10240K [0x0000000701e00000, 0x0000000800000000)
  region size 2048K, 6 young (12288K), 0 survivors (0K)
 Metaspace       used 7079K, committed 7232K, reserved 1056768K
  class space    used 585K, committed 704K, reserved 1048576K
}
Event: 0.921 GC heap after
{Heap after GC invocations=1 (full 0):
 garbage-first heap   total 262144K, used 6845K [0x0000000701e00000, 0x0000000800000000)
  region size 2048K, 1 young (2048K), 1 survivors (2048K)
 Metaspace       used 7079K, committed 7232K, reserved 1056768K
  class space    used 585K, committed 704K, reserved 1048576K
}

Deoptimization events (14 events):
Event: 0.460 Thread 0x0000026f5007b0f0 Uncommon trap: trap_request=0xffffff45 fr.pc=0x0000026f5b0a1720 relative=0x0000000000000080
Event: 0.460 Thread 0x0000026f5007b0f0 Uncommon trap: reason=unstable_if action=reinterpret pc=0x0000026f5b0a1720 method=java.lang.String.isLatin1()Z @ 10 c2
Event: 0.460 Thread 0x0000026f5007b0f0 DEOPT PACKING pc=0x0000026f5b0a1720 sp=0x000000f2969ff0c0
Event: 0.460 Thread 0x0000026f5007b0f0 DEOPT UNPACKING pc=0x0000026f5361d72e sp=0x000000f2969ff000 mode 2
Event: 0.577 Thread 0x0000026f5007b0f0 DEOPT PACKING pc=0x0000026f53b79767 sp=0x000000f2969fe170
Event: 0.577 Thread 0x0000026f5007b0f0 DEOPT UNPACKING pc=0x0000026f5361dece sp=0x000000f2969fd590 mode 0
Event: 1.046 Thread 0x0000026f5007b0f0 Uncommon trap: trap_request=0xffffff45 fr.pc=0x0000026f5b0a13fc relative=0x000000000000005c
Event: 1.046 Thread 0x0000026f5007b0f0 Uncommon trap: reason=unstable_if action=reinterpret pc=0x0000026f5b0a13fc method=java.lang.String.isLatin1()Z @ 10 c2
Event: 1.046 Thread 0x0000026f5007b0f0 DEOPT PACKING pc=0x0000026f5b0a13fc sp=0x000000f2969fee50
Event: 1.046 Thread 0x0000026f5007b0f0 DEOPT UNPACKING pc=0x0000026f5361d72e sp=0x000000f2969fede0 mode 2
Event: 1.188 Thread 0x0000026f5007b0f0 DEOPT PACKING pc=0x0000026f53b7bbe5 sp=0x000000f2969fd770
Event: 1.188 Thread 0x0000026f5007b0f0 DEOPT UNPACKING pc=0x0000026f5361dece sp=0x000000f2969fcbc0 mode 0
Event: 1.197 Thread 0x0000026f5007b0f0 DEOPT PACKING pc=0x0000026f53b7bbe5 sp=0x000000f2969fca20
Event: 1.197 Thread 0x0000026f5007b0f0 DEOPT UNPACKING pc=0x0000026f5361dece sp=0x000000f2969fbe70 mode 0

Classes unloaded (0 events):
No events

Classes redefined (0 events):
No events

Internal exceptions (11 events):
Event: 0.693 Thread 0x0000026f5007b0f0 Exception <a 'java/lang/NoSuchMethodError'{0x0000000711a105d8}: 'void java.lang.invoke.DirectMethodHandle$Holder.invokeSpecial(java.lang.Object, java.lang.Object, java.lang.Object)'> (0x0000000711a105d8) 
thrown [t:\workspace\open\src\hotspot\share\interpreter\linkResolver.cpp, line 790]
Event: 0.938 Thread 0x0000026f5007b0f0 Exception <a 'java/lang/NoSuchMethodError'{0x0000000711a40338}: 'java.lang.Object java.lang.invoke.DirectMethodHandle$Holder.invokeStatic(java.lang.Object)'> (0x0000000711a40338) 
thrown [t:\workspace\open\src\hotspot\share\interpreter\linkResolver.cpp, line 790]
Event: 1.006 Thread 0x0000026f5007b0f0 Exception <a 'java/lang/ClassNotFoundException'{0x0000000711b4bfc8}: sun/util/logging/resources/spi/loggingProvider> (0x0000000711b4bfc8) 
thrown [t:\workspace\open\src\hotspot\share\classfile\systemDictionary.cpp, line 256]
Event: 1.063 Thread 0x0000026f5007b0f0 Exception <a 'java/lang/NoSuchMethodError'{0x000000071180a998}: 'java.lang.Object java.lang.invoke.DirectMethodHandle$Holder.invokeInterface(java.lang.Object, java.lang.Object, java.lang.Object)'> (0x000000071180a998) 
thrown [t:\workspace\open\src\hotspot\share\interpreter\linkResolver.cpp, line 790]
Event: 1.067 Thread 0x0000026f5007b0f0 Exception <a 'java/lang/NoSuchMethodError'{0x000000071181d810}: 'int java.lang.invoke.DirectMethodHandle$Holder.invokeStaticInit(java.lang.Object, java.lang.Object)'> (0x000000071181d810) 
thrown [t:\workspace\open\src\hotspot\share\interpreter\linkResolver.cpp, line 790]
Event: 1.072 Thread 0x0000026f5007b0f0 Exception <a 'java/lang/NoSuchMethodError'{0x000000071182a2d0}: 'java.lang.Object java.lang.invoke.DirectMethodHandle$Holder.invokeSpecialIFC(java.lang.Object, java.lang.Object, java.lang.Object, java.lang.Object)'> (0x000000071182a2d0) 
thrown [t:\workspace\open\src\hotspot\share\interpreter\linkResolver.cpp, line 790]
Event: 1.111 Thread 0x0000026f5007b0f0 Exception <a 'java/lang/NoSuchMethodError'{0x00000007118da318}: 'java.lang.Object java.lang.invoke.DirectMethodHandle$Holder.invokeInterface(java.lang.Object, java.lang.Object)'> (0x00000007118da318) 
thrown [t:\workspace\open\src\hotspot\share\interpreter\linkResolver.cpp, line 790]
Event: 1.113 Thread 0x0000026f5007b0f0 Exception <a 'java/lang/NoSuchMethodError'{0x00000007118e4f70}: 'java.lang.Object java.lang.invoke.Invokers$Holder.invokeExact_MT(java.lang.Object, java.lang.Object, java.lang.Object, java.lang.Object, java.lang.Object, java.lang.Object)'> (0x00000007118e4f70) 
thrown [t:\workspace\open\src\hotspot\share\interpreter\linkResolver.cpp, line 790]
Event: 1.118 Thread 0x0000026f5007b0f0 Exception <a 'java/lang/NoSuchMethodError'{0x00000007118fdc78}: 'int java.lang.invoke.DirectMethodHandle$Holder.invokeInterface(java.lang.Object, java.lang.Object)'> (0x00000007118fdc78) 
thrown [t:\workspace\open\src\hotspot\share\interpreter\linkResolver.cpp, line 790]
Event: 1.128 Thread 0x0000026f5007b0f0 Exception <a 'java/lang/NoSuchMethodError'{0x0000000711926828}: 'void java.lang.invoke.DirectMethodHandle$Holder.invokeStatic(java.lang.Object, java.lang.Object, java.lang.Object, java.lang.Object)'> (0x0000000711926828) 
thrown [t:\workspace\open\src\hotspot\share\interpreter\linkResolver.cpp, line 790]
Event: 1.134 Thread 0x0000026f5007b0f0 Exception <a 'java/lang/NoSuchMethodError'{0x0000000711943760}: 'java.lang.Object java.lang.invoke.DirectMethodHandle$Holder.invokeStaticInit(java.lang.Object)'> (0x0000000711943760) 
thrown [t:\workspace\open\src\hotspot\share\interpreter\linkResolver.cpp, line 790]

Events (20 events):
Event: 1.153 loading class sun/util/PropertyResourceBundleCharset$PropertiesFileDecoder
Event: 1.153 loading class sun/util/PropertyResourceBundleCharset$PropertiesFileDecoder done
Event: 1.159 loading class java/io/PrintWriter
Event: 1.159 loading class java/io/PrintWriter done
Event: 1.160 loading class java/util/regex/Pattern$Curly
Event: 1.160 loading class java/util/regex/Pattern$Curly done
Event: 1.160 loading class java/util/regex/Pattern$Dollar
Event: 1.160 loading class java/util/regex/Pattern$Dollar done
Event: 1.163 loading class java/util/regex/Pattern$StartS
Event: 1.163 loading class java/util/regex/Pattern$StartS done
Event: 1.164 loading class java/util/Collections$UnmodifiableSortedSet
Event: 1.165 loading class java/util/Collections$UnmodifiableSortedSet done
Event: 1.191 loading class java/util/concurrent/ExecutionException
Event: 1.192 loading class java/util/concurrent/ExecutionException done
Event: 1.192 loading class java/lang/InterruptedException
Event: 1.192 loading class java/lang/InterruptedException done
Event: 1.196 loading class java/util/concurrent/ExecutorService
Event: 1.196 loading class java/util/concurrent/Executor
Event: 1.196 loading class java/util/concurrent/Executor done
Event: 1.196 loading class java/util/concurrent/ExecutorService done


Dynamic libraries:
0x00007ff6caec0000 - 0x00007ff6caece000 	C:\Users\Zixiang\Downloads\eclipse-java-2021-06-R-win32-x86_64\eclipse\plugins\org.eclipse.justj.openjdk.hotspot.jre.full.win32.x86_64_16.0.1.v20210528-1205\jre\bin\javaw.exe
0x00007ffdc4410000 - 0x00007ffdc4605000 	C:\WINDOWS\SYSTEM32\ntdll.dll
0x00007ffd79660000 - 0x00007ffd79676000 	C:\Program Files\AVG\Antivirus\aswhook.dll
0x00007ffdc24f0000 - 0x00007ffdc25ae000 	C:\WINDOWS\System32\KERNEL32.DLL
0x00007ffdc1d90000 - 0x00007ffdc2058000 	C:\WINDOWS\System32\KERNELBASE.dll
0x00007ffdc2060000 - 0x00007ffdc2160000 	C:\WINDOWS\System32\ucrtbase.dll
0x00007ffda6020000 - 0x00007ffda6038000 	C:\Users\Zixiang\Downloads\eclipse-java-2021-06-R-win32-x86_64\eclipse\plugins\org.eclipse.justj.openjdk.hotspot.jre.full.win32.x86_64_16.0.1.v20210528-1205\jre\bin\jli.dll
0x00007ffdc3970000 - 0x00007ffdc3b11000 	C:\WINDOWS\System32\USER32.dll
0x00007ffdc23a0000 - 0x00007ffdc23c2000 	C:\WINDOWS\System32\win32u.dll
0x00007ffdc3870000 - 0x00007ffdc389b000 	C:\WINDOWS\System32\GDI32.dll
0x00007ffd96150000 - 0x00007ffd96169000 	C:\Users\Zixiang\Downloads\eclipse-java-2021-06-R-win32-x86_64\eclipse\plugins\org.eclipse.justj.openjdk.hotspot.jre.full.win32.x86_64_16.0.1.v20210528-1205\jre\bin\VCRUNTIME140.dll
0x00007ffdc21c0000 - 0x00007ffdc22cb000 	C:\WINDOWS\System32\gdi32full.dll
0x00007ffdc2300000 - 0x00007ffdc239d000 	C:\WINDOWS\System32\msvcp_win.dll
0x00007ffdb1c20000 - 0x00007ffdb1eba000 	C:\WINDOWS\WinSxS\amd64_microsoft.windows.common-controls_6595b64144ccf1df_6.0.19041.1110_none_60b5254171f9507e\COMCTL32.dll
0x00007ffdc2cd0000 - 0x00007ffdc2d6e000 	C:\WINDOWS\System32\msvcrt.dll
0x00007ffdc2e50000 - 0x00007ffdc2e80000 	C:\WINDOWS\System32\IMM32.DLL
0x00007ffdb24d0000 - 0x00007ffdb24dc000 	C:\Users\Zixiang\Downloads\eclipse-java-2021-06-R-win32-x86_64\eclipse\plugins\org.eclipse.justj.openjdk.hotspot.jre.full.win32.x86_64_16.0.1.v20210528-1205\jre\bin\vcruntime140_1.dll
0x00007ffd7d080000 - 0x00007ffd7d111000 	C:\Users\Zixiang\Downloads\eclipse-java-2021-06-R-win32-x86_64\eclipse\plugins\org.eclipse.justj.openjdk.hotspot.jre.full.win32.x86_64_16.0.1.v20210528-1205\jre\bin\msvcp140.dll
0x00007ffd117f0000 - 0x00007ffd1239b000 	C:\Users\Zixiang\Downloads\eclipse-java-2021-06-R-win32-x86_64\eclipse\plugins\org.eclipse.justj.openjdk.hotspot.jre.full.win32.x86_64_16.0.1.v20210528-1205\jre\bin\server\jvm.dll
0x00007ffdc3c00000 - 0x00007ffdc3cac000 	C:\WINDOWS\System32\ADVAPI32.dll
0x00007ffdc2e80000 - 0x00007ffdc2f1b000 	C:\WINDOWS\System32\sechost.dll
0x00007ffdc42a0000 - 0x00007ffdc43ca000 	C:\WINDOWS\System32\RPCRT4.dll
0x00007ffdc3860000 - 0x00007ffdc3868000 	C:\WINDOWS\System32\PSAPI.DLL
0x00007ffdaff40000 - 0x00007ffdaff49000 	C:\WINDOWS\SYSTEM32\WSOCK32.dll
0x00007ffdc3660000 - 0x00007ffdc36cb000 	C:\WINDOWS\System32\WS2_32.dll
0x00007ffdb1fa0000 - 0x00007ffdb1fc7000 	C:\WINDOWS\SYSTEM32\WINMM.dll
0x00007ffdba940000 - 0x00007ffdba94a000 	C:\WINDOWS\SYSTEM32\VERSION.dll
0x00007ffdbfbd0000 - 0x00007ffdbfbe2000 	C:\WINDOWS\SYSTEM32\kernel.appcore.dll
0x00007ffdbcac0000 - 0x00007ffdbcaca000 	C:\Users\Zixiang\Downloads\eclipse-java-2021-06-R-win32-x86_64\eclipse\plugins\org.eclipse.justj.openjdk.hotspot.jre.full.win32.x86_64_16.0.1.v20210528-1205\jre\bin\jimage.dll
0x00007ffdbf1c0000 - 0x00007ffdbf3a4000 	C:\WINDOWS\SYSTEM32\DBGHELP.DLL
0x00007ffdb8f30000 - 0x00007ffdb8f5c000 	C:\WINDOWS\SYSTEM32\dbgcore.DLL
0x00007ffdc23d0000 - 0x00007ffdc2453000 	C:\WINDOWS\System32\bcryptPrimitives.dll
0x00007ffdab430000 - 0x00007ffdab455000 	C:\Users\Zixiang\Downloads\eclipse-java-2021-06-R-win32-x86_64\eclipse\plugins\org.eclipse.justj.openjdk.hotspot.jre.full.win32.x86_64_16.0.1.v20210528-1205\jre\bin\java.dll
0x00007ffdbb890000 - 0x00007ffdbb8a8000 	C:\Users\Zixiang\Downloads\eclipse-java-2021-06-R-win32-x86_64\eclipse\plugins\org.eclipse.justj.openjdk.hotspot.jre.full.win32.x86_64_16.0.1.v20210528-1205\jre\bin\zip.dll
0x00007ffdc2f20000 - 0x00007ffdc365f000 	C:\WINDOWS\System32\SHELL32.dll
0x00007ffdbfbf0000 - 0x00007ffdc0380000 	C:\WINDOWS\SYSTEM32\windows.storage.dll
0x00007ffdc3e90000 - 0x00007ffdc41e5000 	C:\WINDOWS\System32\combase.dll
0x00007ffdc14a0000 - 0x00007ffdc14ce000 	C:\WINDOWS\SYSTEM32\Wldp.dll
0x00007ffdc3cb0000 - 0x00007ffdc3d5d000 	C:\WINDOWS\System32\SHCORE.dll
0x00007ffdc36e0000 - 0x00007ffdc3735000 	C:\WINDOWS\System32\shlwapi.dll
0x00007ffdc1a70000 - 0x00007ffdc1a8f000 	C:\WINDOWS\SYSTEM32\profapi.dll
0x00007ffdab410000 - 0x00007ffdab429000 	C:\Users\Zixiang\Downloads\eclipse-java-2021-06-R-win32-x86_64\eclipse\plugins\org.eclipse.justj.openjdk.hotspot.jre.full.win32.x86_64_16.0.1.v20210528-1205\jre\bin\net.dll
0x00007ffdb9640000 - 0x00007ffdb974c000 	C:\WINDOWS\SYSTEM32\WINHTTP.dll
0x00007ffdc1280000 - 0x00007ffdc12ea000 	C:\WINDOWS\system32\mswsock.dll
0x00007ffdab1e0000 - 0x00007ffdab1f3000 	C:\Users\Zixiang\Downloads\eclipse-java-2021-06-R-win32-x86_64\eclipse\plugins\org.eclipse.justj.openjdk.hotspot.jre.full.win32.x86_64_16.0.1.v20210528-1205\jre\bin\nio.dll

dbghelp: loaded successfully - version: 4.0.5 - missing functions: none
symbol engine: initialized successfully - sym options: 0x614 - pdb path: .;C:\Users\Zixiang\Downloads\eclipse-java-2021-06-R-win32-x86_64\eclipse\plugins\org.eclipse.justj.openjdk.hotspot.jre.full.win32.x86_64_16.0.1.v20210528-1205\jre\bin;C:\WINDOWS\SYSTEM32;C:\Program Files\AVG\Antivirus;C:\WINDOWS\WinSxS\amd64_microsoft.windows.common-controls_6595b64144ccf1df_6.0.19041.1110_none_60b5254171f9507e;C:\Users\Zixiang\Downloads\eclipse-java-2021-06-R-win32-x86_64\eclipse\plugins\org.eclipse.justj.openjdk.hotspot.jre.full.win32.x86_64_16.0.1.v20210528-1205\jre\bin\server

VM Arguments:
jvm_args: -Dfile.encoding=Cp1252 -XX:+ShowCodeDetailsInExceptionMessages 
java_command: cucumber.api.cli.Main C:/Users/Zixiang/eclipse-workspace/HelloWorld/Swiggy/src/test/resources/featureFiles/LocationSearchBar.feature --glue classpath: --plugin pretty --monochrome
java_class_path (initial): C:\Users\Zixiang\eclipse-workspace\HelloWorld\Swiggy\target\classes;C:\Users\Zixiang\eclipse-workspace\HelloWorld\Swiggy\target\test-classes;C:\Users\Zixiang\.m2\repository\io\cucumber\cucumber-java\7.0.0\cucumber-java-7.0.0.jar;C:\Users\Zixiang\.m2\repository\org\apiguardian\apiguardian-api\1.1.2\apiguardian-api-1.1.2.jar;C:\Users\Zixiang\.m2\repository\io\cucumber\cucumber-testng\7.0.0\cucumber-testng-7.0.0.jar;C:\Users\Zixiang\.m2\repository\io\cucumber\cucumber-core\7.0.0\cucumber-core-7.0.0.jar;C:\Users\Zixiang\.m2\repository\io\cucumber\cucumber-gherkin\7.0.0\cucumber-gherkin-7.0.0.jar;C:\Users\Zixiang\.m2\repository\io\cucumber\cucumber-gherkin-messages\7.0.0\cucumber-gherkin-messages-7.0.0.jar;C:\Users\Zixiang\.m2\repository\io\cucumber\messages\17.1.1\messages-17.1.1.jar;C:\Users\Zixiang\.m2\repository\io\cucumber\tag-expressions\4.0.2\tag-expressions-4.0.2.jar;C:\Users\Zixiang\.m2\repository\io\cucumber\cucumber-expressions\13.0.1\cucumber-expressions-13.0.1.jar;C:\Users\Zixiang\.m2\repository\io\cucumber\datatable\7.0.0\datatable-7.0.0.jar;C:\Users\Zixiang\.m2\repository\io\cucumber\cucumber-plugin\7.0.0\cucumber-plugin-7.0.0.jar;C:\Users\Zixiang\.m2\repository\io\cucumber\docstring\7.0.0\docstring-7.0.0.jar;C:\Users\Zixiang\.m2\repository\io\cucumber\html-formatter\17.0.0\html-formatter-17.0.0.jar;C:\Users\Zixiang\.m2\repository\io\cucumber\create-meta\6.0.1\create-meta-6.0.1.jar;C:\Users\Zixiang\.m2\repository\org\testng\testng\7.4.0\testng-7.4.0.jar;C:\Users\Zixiang\.m2\repository\com\beust\jcommander\1.78\jcommander-1.78.jar;C:\Users\Zixiang\.m2\repository\org\webjars\jquery\3.5.1\jquery-3.5.1.jar;C:\Users\Zixiang\.m2\repository\org\seleniumhq\selenium\selenium-java\4.0.0-alpha-7\selenium-java-4.0.0-alpha-7.jar;C:\Users\Zixiang\.m2\repository\org\seleniumhq\selenium\selenium-api\4.0.0-alpha-7\selenium-api-4.0.0-alpha-7.jar;C:\Users\Zixiang\.m2\repository\org\seleniumhq\selenium\selenium-chrome-driver\4.0.0-alpha-7\selenium
Launcher Type: SUN_STANDARD

[Global flags]
     intx CICompilerCount                          = 3                                         {product} {ergonomic}
     uint ConcGCThreads                            = 1                                         {product} {ergonomic}
     uint G1ConcRefinementThreads                  = 4                                         {product} {ergonomic}
   size_t G1HeapRegionSize                         = 2097152                                   {product} {ergonomic}
    uintx GCDrainStackTargetSize                   = 64                                        {product} {ergonomic}
   size_t InitialHeapSize                          = 268435456                                 {product} {ergonomic}
   size_t MarkStackSize                            = 4194304                                   {product} {ergonomic}
   size_t MaxHeapSize                              = 4263510016                                {product} {ergonomic}
   size_t MaxNewSize                               = 2556428288                                {product} {ergonomic}
   size_t MinHeapDeltaBytes                        = 2097152                                   {product} {ergonomic}
   size_t MinHeapSize                              = 8388608                                   {product} {ergonomic}
    uintx NonNMethodCodeHeapSize                   = 5832780                                {pd product} {ergonomic}
    uintx NonProfiledCodeHeapSize                  = 122912730                              {pd product} {ergonomic}
    uintx ProfiledCodeHeapSize                     = 122912730                              {pd product} {ergonomic}
    uintx ReservedCodeCacheSize                    = 251658240                              {pd product} {ergonomic}
     bool SegmentedCodeCache                       = true                                      {product} {ergonomic}
     bool ShowCodeDetailsInExceptionMessages       = true                                   {manageable} {command line}
   size_t SoftMaxHeapSize                          = 4263510016                             {manageable} {ergonomic}
     bool UseCompressedClassPointers               = true                           {product lp64_product} {ergonomic}
     bool UseCompressedOops                        = true                           {product lp64_product} {ergonomic}
     bool UseG1GC                                  = true                                      {product} {ergonomic}
     bool UseLargePagesIndividualAllocation        = false                                  {pd product} {ergonomic}

Logging:
Log output configuration:
 #0: stdout all=warning uptime,level,tags
 #1: stderr all=off uptime,level,tags

Environment Variables:
PATH=C:/Users/Zixiang/Downloads/eclipse-java-2021-06-R-win32-x86_64/eclipse//plugins/org.eclipse.justj.openjdk.hotspot.jre.full.win32.x86_64_16.0.1.v20210528-1205/jre/bin/server;C:/Users/Zixiang/Downloads/eclipse-java-2021-06-R-win32-x86_64/eclipse//plugins/org.eclipse.justj.openjdk.hotspot.jre.full.win32.x86_64_16.0.1.v20210528-1205/jre/bin;C:\WINDOWS\system32;C:\WINDOWS;C:\WINDOWS\System32\Wbem;C:\WINDOWS\System32\WindowsPowerShell\v1.0\;C:\WINDOWS\System32\OpenSSH\;C:\Program Files\Git\cmd;C:\Program Files (x86)\sbt\bin;C:\Program Files (x86)\scala\bin;C:\Program Files (x86)\Java\jre1.8.0_221\bin;C:\Program Files\Java\jdk1.8.0_231\bin;C:\Program Files\Amazon\AWSCLI\bin\;C:\Program Files\Microsoft SQL Server\Client SDK\ODBC\130\Tools\Binn\;C:\Program Files (x86)\Microsoft SQL Server\140\Tools\Binn\;C:\Program Files\Microsoft SQL Server\140\Tools\Binn\;C:\Program Files\Microsoft SQL Server\140\DTS\Binn\;C:\Program Files (x86)\Microsoft SQL Server\150\DTS\Binn\;C:\Program Files\dart-sass-1.22.12-windows-x64\dart-sass;C:\SeleniumDriver\geckodriver.exe;C:\SeleniumDriver\chromedriver.exe;C:\Katalon_Studio_Windows_64-7.7.2\katalon.exe;C:\Program Files\Docker\Docker\resources\bin;C:\ProgramData\DockerDesktop\version-bin;C:\Program Files\Sublime Text\;C:\Program Files\Java\jdk1.8.0_231\bin;C:\Program Files (x86)\apache-maven-3.6.3\bin;C:\Users\Zixiang\Anaconda3;C:\Users\Zixiang\Anaconda3\Library\mingw-w64\bin;C:\Users\Zixiang\Anaconda3\Library\usr\bin;C:\Users\Zixiang\Anaconda3\Library\bin;C:\Users\Zixiang\Anaconda3\Scripts;C:\Ruby26-x64\bin;C:\Program Files\MySQL\MySQL Shell 8.0\bin\;C:\Program Files\JetBrains\PyCharm Community Edition with Anaconda plugin 2020.1.3\bin;;C:\Users\Zixiang\AppData\Local\Microsoft\WindowsApps;C:\apache-jmeter-5.3\bin;C:\Program Files (x86)\apache-maven-3.6.3\bin;C:\Users\Zixiang\Desktop\webdriver\chromedriver.exe;C:\Program Files\JetBrains\IntelliJ IDEA Community Edition 2020.2.2\bin;;C:\Katalon_Studio_Windows_64-7.7.2;C:\sonar-scanner\sonar-sc
USERNAME=Zixiang
OS=Windows_NT
PROCESSOR_IDENTIFIER=Intel64 Family 6 Model 142 Stepping 9, GenuineIntel



---------------  S Y S T E M  ---------------

OS:
 Windows 10 , 64 bit Build 19041 (10.0.19041.1348)
OS uptime: 6 days 16:25 hours
Hyper-V role detected

CPU: total 4 (initial active 4) (2 cores per cpu, 2 threads per core) family 6 model 142 stepping 9 microcode 0xb4, cx8, cmov, fxsr, ht, mmx, 3dnowpref, sse, sse2, sse3, ssse3, sse4.1, sse4.2, popcnt, lzcnt, tsc, tscinvbit, avx, avx2, aes, erms, clmul, bmi1, bmi2, rtm, adx, fma, vzeroupper, clflush, clflushopt, hv

Memory: 4k page, system-wide physical 16262M (2943M free)
TotalPageFile size 25262M (AvailPageFile size 3M)
current process WorkingSet (physical memory assigned to process): 67M, peak: 67M
current process commit charge ("private bytes"): 345M, peak: 345M

vm_info: OpenJDK 64-Bit Server VM (16.0.1+9-24) for windows-amd64 JRE (16.0.1+9-24), built on Mar 26 2021 19:30:07 by "mach5one" with MS VC++ 16.7 (VS2019)

END.
